app/build/outputs/logs/manifest-merger-debug-report.txt
-- Merging decision tree log ---
manifest
ADDED from src\main\AndroidManifest.xml:2:1-242:12
	package
		ADDED from src\main\AndroidManifest.xml:3:5-31
		INJECTED from src\main\AndroidManifest.xml
		INJECTED from src\main\AndroidManifest.xml
	android:versionName
		INJECTED from src\main\AndroidManifest.xml
		INJECTED from src\main\AndroidManifest.xml
	xmlns:android
		ADDED from src\main\AndroidManifest.xml:2:11-69
	android:versionCode
		INJECTED from src\main\AndroidManifest.xml
		INJECTED from src\main\AndroidManifest.xml
uses-permission#com.google.android.providers.gsf.permission.READ_GSERVICES
ADDED from src\main\AndroidManifest.xml:6:5-98
	android:name
		ADDED from src\main\AndroidManifest.xml:6:22-95
permission#com.radartech.sw.permission.MAPS_RECEIVE
ADDED from src\main\AndroidManifest.xml:11:5-13:47
	android:protectionLevel
		ADDED from src\main\AndroidManifest.xml:13:9-44
	android:name
		ADDED from src\main\AndroidManifest.xml:12:9-64
uses-permission#com.radartech.sw.permission.MAPS_RECEIVE
ADDED from src\main\AndroidManifest.xml:14:5-80
	android:name
		ADDED from src\main\AndroidManifest.xml:14:22-77
permission#com.radartech.sw.permission.JPUSH_MESSAGE
ADDED from src\main\AndroidManifest.xml:16:5-18:47
	android:protectionLevel
		ADDED from src\main\AndroidManifest.xml:18:9-44
	android:name
		ADDED from src\main\AndroidManifest.xml:17:9-65
uses-permission#com.radartech.sw.permission.JPUSH_MESSAGE
ADDED from src\main\AndroidManifest.xml:21:5-81
	android:name
		ADDED from src\main\AndroidManifest.xml:21:22-78
uses-permission#android.permission.RECEIVE_USER_PRESENT
ADDED from src\main\AndroidManifest.xml:22:5-79
	android:name
		ADDED from src\main\AndroidManifest.xml:22:22-76
uses-permission#android.permission.INTERNET
ADDED from src\main\AndroidManifest.xml:24:5-67
MERGED from [com.google.android.gms:play-services-maps:9.4.0] AndroidManifest.xml:21:5-66
MERGED from [net.hockeyapp.android:HockeySDK:4.1.3] AndroidManifest.xml:12:5-67
	android:name
		ADDED from src\main\AndroidManifest.xml:24:22-64
uses-permission#android.permission.WAKE_LOCK
ADDED from src\main\AndroidManifest.xml:25:5-68
	android:name
		ADDED from src\main\AndroidManifest.xml:25:22-65
uses-permission#android.permission.READ_PHONE_STATE
ADDED from src\main\AndroidManifest.xml:26:5-75
	android:name
		ADDED from src\main\AndroidManifest.xml:26:22-72
uses-permission#android.permission.WRITE_EXTERNAL_STORAGE
ADDED from src\main\AndroidManifest.xml:28:5-81
MERGED from [net.hockeyapp.android:HockeySDK:4.1.3] AndroidManifest.xml:13:5-81
	android:name
		ADDED from src\main\AndroidManifest.xml:28:22-78
uses-permission#android.permission.READ_EXTERNAL_STORAGE
ADDED from src\main\AndroidManifest.xml:29:5-80
	android:name
		ADDED from src\main\AndroidManifest.xml:29:22-77
uses-permission#android.permission.WRITE_SETTINGS
ADDED from src\main\AndroidManifest.xml:31:5-73
	android:name
		ADDED from src\main\AndroidManifest.xml:31:22-70
uses-permission#android.permission.VIBRATE
ADDED from src\main\AndroidManifest.xml:32:5-66
	android:name
		ADDED from src\main\AndroidManifest.xml:32:22-63
uses-permission#android.permission.MOUNT_UNMOUNT_FILESYSTEMS
ADDED from src\main\AndroidManifest.xml:33:5-84
	android:name
		ADDED from src\main\AndroidManifest.xml:33:22-81
uses-permission#android.permission.ACCESS_NETWORK_STATE
ADDED from src\main\AndroidManifest.xml:34:5-79
MERGED from [com.google.android.gms:play-services-maps:9.4.0] AndroidManifest.xml:20:5-78
MERGED from [net.hockeyapp.android:HockeySDK:4.1.3] AndroidManifest.xml:11:5-79
	android:name
		ADDED from src\main\AndroidManifest.xml:34:22-76
uses-permission#android.permission.ACCESS_WIFI_STATE
ADDED from src\main\AndroidManifest.xml:35:5-76
	android:name
		ADDED from src\main\AndroidManifest.xml:35:22-73
uses-permission#android.permission.ACCESS_COARSE_LOCATION
ADDED from src\main\AndroidManifest.xml:39:5-81
	android:name
		ADDED from src\main\AndroidManifest.xml:39:22-78
uses-permission#android.permission.CHANGE_WIFI_STATE
ADDED from src\main\AndroidManifest.xml:40:5-76
	android:name
		ADDED from src\main\AndroidManifest.xml:40:22-73
uses-permission#android.permission.ACCESS_FINE_LOCATION
ADDED from src\main\AndroidManifest.xml:41:5-79
	android:name
		ADDED from src\main\AndroidManifest.xml:41:22-76
uses-permission#android.permission.ACCESS_LOCATION_EXTRA_COMMANDS
ADDED from src\main\AndroidManifest.xml:42:5-89
	android:name
		ADDED from src\main\AndroidManifest.xml:42:22-86
uses-permission#android.permission.CHANGE_NETWORK_STATE
ADDED from src\main\AndroidManifest.xml:43:5-79
	android:name
		ADDED from src\main\AndroidManifest.xml:43:22-76
uses-permission#android.permission.GET_TASKS
ADDED from src\main\AndroidManifest.xml:44:5-68
	android:name
		ADDED from src\main\AndroidManifest.xml:44:22-65
application
ADDED from src\main\AndroidManifest.xml:46:5-240:19
MERGED from [com.android.support:design:23.4.0] AndroidManifest.xml:22:5-20
MERGED from [com.android.support:support-v4:23.4.0] AndroidManifest.xml:22:5-20
MERGED from [com.android.support:appcompat-v7:23.4.0] AndroidManifest.xml:25:5-20
MERGED from [com.android.support:animated-vector-drawable:23.4.0] AndroidManifest.xml:7:5-20
MERGED from [com.android.support:support-vector-drawable:23.4.0] AndroidManifest.xml:7:5-20
MERGED from [com.google.android.gms:play-services-maps:9.4.0] AndroidManifest.xml:27:5-20
MERGED from [com.google.android.gms:play-services-base:9.4.0] AndroidManifest.xml:19:5-23:19
MERGED from [com.google.android.gms:play-services-basement:9.4.0] AndroidManifest.xml:20:5-24:19
MERGED from [com.google.android.gms:play-services-tasks:9.4.0] AndroidManifest.xml:5:5-20
MERGED from [com.cardiomood.android:android-widgets:0.1.1] AndroidManifest.xml:11:5-12:19
MERGED from [de.hdodenhof:circleimageview:1.3.0] AndroidManifest.xml:9:5-20
MERGED from [net.hockeyapp.android:HockeySDK:4.1.3] AndroidManifest.xml:15:5-23:19
	android:label
		ADDED from src\main\AndroidManifest.xml:50:9-41
	android:supportsRtl
		ADDED from src\main\AndroidManifest.xml:51:9-35
	android:allowBackup
		ADDED from src\main\AndroidManifest.xml:48:9-35
	android:icon
		ADDED from src\main\AndroidManifest.xml:49:9-47
	android:theme
		ADDED from src\main\AndroidManifest.xml:52:9-40
	android:name
		ADDED from src\main\AndroidManifest.xml:47:9-58
meta-data#net.hockeyapp.android.appIdentifier
ADDED from src\main\AndroidManifest.xml:54:9-109
	android:value
		ADDED from src\main\AndroidManifest.xml:54:71-106
		INJECTED from src\main\AndroidManifest.xml
	android:name
		ADDED from src\main\AndroidManifest.xml:54:20-70
activity#com.radartech.activity.SplashScreenActivity
ADDED from src\main\AndroidManifest.xml:58:9-67:20
	android:screenOrientation
		ADDED from src\main\AndroidManifest.xml:61:13-49
	android:label
		ADDED from src\main\AndroidManifest.xml:60:13-45
	android:name
		ADDED from src\main\AndroidManifest.xml:59:13-71
intent-filter#android.intent.action.MAIN+android.intent.category.LAUNCHER
ADDED from src\main\AndroidManifest.xml:62:13-66:29
action#android.intent.action.MAIN
ADDED from src\main\AndroidManifest.xml:63:17-69
	android:name
		ADDED from src\main\AndroidManifest.xml:63:25-66
category#android.intent.category.LAUNCHER
ADDED from src\main\AndroidManifest.xml:65:17-77
	android:name
		ADDED from src\main\AndroidManifest.xml:65:27-74
activity#com.radartech.activity.LoginActivity
ADDED from src\main\AndroidManifest.xml:68:9-71:52
	android:screenOrientation
		ADDED from src\main\AndroidManifest.xml:71:13-49
	android:name
		ADDED from src\main\AndroidManifest.xml:69:13-64
activity#com.radartech.activity.DevicesListActivity
ADDED from src\main\AndroidManifest.xml:72:9-74:52
	android:screenOrientation
		ADDED from src\main\AndroidManifest.xml:74:13-49
	android:name
		ADDED from src\main\AndroidManifest.xml:73:13-70
activity#com.radartech.activity.UserInfoActivity
ADDED from src\main\AndroidManifest.xml:75:9-77:52
	android:screenOrientation
		ADDED from src\main\AndroidManifest.xml:77:13-49
	android:name
		ADDED from src\main\AndroidManifest.xml:76:13-67
activity#com.radartech.activity.AlarmInfoActivity
ADDED from src\main\AndroidManifest.xml:78:9-80:52
	android:screenOrientation
		ADDED from src\main\AndroidManifest.xml:80:13-49
	android:name
		ADDED from src\main\AndroidManifest.xml:79:13-68
activity#com.radartech.activity.GeofenceItemActivity
ADDED from src\main\AndroidManifest.xml:81:9-83:52
	android:screenOrientation
		ADDED from src\main\AndroidManifest.xml:83:13-49
	android:name
		ADDED from src\main\AndroidManifest.xml:82:13-71
activity#com.radartech.activity.GeofenceNewActivity
ADDED from src\main\AndroidManifest.xml:84:9-86:52
	android:screenOrientation
		ADDED from src\main\AndroidManifest.xml:86:13-49
	android:name
		ADDED from src\main\AndroidManifest.xml:85:13-70
activity#com.radartech.activity.DeviceTraceActivity
ADDED from src\main\AndroidManifest.xml:87:9-89:52
	android:screenOrientation
		ADDED from src\main\AndroidManifest.xml:89:13-49
	android:name
		ADDED from src\main\AndroidManifest.xml:88:13-70
activity#com.radartech.activity.UpdateDeviceInfoActivty
ADDED from src\main\AndroidManifest.xml:90:9-92:52
	android:screenOrientation
		ADDED from src\main\AndroidManifest.xml:92:13-49
	android:name
		ADDED from src\main\AndroidManifest.xml:91:13-74
activity#com.radartech.activity.AlarmListActivity
ADDED from src\main\AndroidManifest.xml:93:9-95:52
	android:screenOrientation
		ADDED from src\main\AndroidManifest.xml:95:13-49
	android:name
		ADDED from src\main\AndroidManifest.xml:94:13-68
activity#com.radartech.activity.AccountInfoActivity
ADDED from src\main\AndroidManifest.xml:96:9-98:52
	android:screenOrientation
		ADDED from src\main\AndroidManifest.xml:98:13-49
	android:name
		ADDED from src\main\AndroidManifest.xml:97:13-70
activity#com.radartech.activity.ProviderInfoActivity
ADDED from src\main\AndroidManifest.xml:99:9-101:52
	android:screenOrientation
		ADDED from src\main\AndroidManifest.xml:101:13-49
	android:name
		ADDED from src\main\AndroidManifest.xml:100:13-71
activity#com.radartech.activity.ModifyPasswordActivity
ADDED from src\main\AndroidManifest.xml:102:9-104:52
	android:screenOrientation
		ADDED from src\main\AndroidManifest.xml:104:13-49
	android:name
		ADDED from src\main\AndroidManifest.xml:103:13-73
activity#com.radartech.activity.NestedGoogleMapActivity
ADDED from src\main\AndroidManifest.xml:105:9-107:52
	android:screenOrientation
		ADDED from src\main\AndroidManifest.xml:107:13-49
	android:name
		ADDED from src\main\AndroidManifest.xml:106:13-74
activity#jpushdemo.TestActivity
ADDED from src\main\AndroidManifest.xml:109:9-116:20
	android:exported
		ADDED from src\main\AndroidManifest.xml:111:13-37
	android:name
		ADDED from src\main\AndroidManifest.xml:110:13-50
intent-filter#jpush.testAction+jpush.testCategory
ADDED from src\main\AndroidManifest.xml:112:13-115:29
action#jpush.testAction
ADDED from src\main\AndroidManifest.xml:113:17-59
	android:name
		ADDED from src\main\AndroidManifest.xml:113:25-56
category#jpush.testCategory
ADDED from src\main\AndroidManifest.xml:114:17-63
	android:name
		ADDED from src\main\AndroidManifest.xml:114:27-60
activity#cn.jpush.android.ui.PushActivity
ADDED from src\main\AndroidManifest.xml:121:9-132:20
	android:exported
		ADDED from src\main\AndroidManifest.xml:124:13-37
	android:configChanges
		ADDED from src\main\AndroidManifest.xml:123:13-63
	android:theme
		ADDED from src\main\AndroidManifest.xml:125:13-60
	android:name
		ADDED from src\main\AndroidManifest.xml:122:13-60
intent-filter#android.intent.category.DEFAULT+cn.jpush.android.ui.PushActivity+com.radartech.sw
ADDED from src\main\AndroidManifest.xml:126:13-131:29
action#cn.jpush.android.ui.PushActivity
ADDED from src\main\AndroidManifest.xml:127:17-75
	android:name
		ADDED from src\main\AndroidManifest.xml:127:25-72
category#android.intent.category.DEFAULT
ADDED from src\main\AndroidManifest.xml:129:17-76
	android:name
		ADDED from src\main\AndroidManifest.xml:129:27-73
category#com.radartech.sw
ADDED from src\main\AndroidManifest.xml:130:17-61
	android:name
		ADDED from src\main\AndroidManifest.xml:130:27-58
service#cn.jpush.android.service.DownloadService
ADDED from src\main\AndroidManifest.xml:136:9-139:48
	android:enabled
		ADDED from src\main\AndroidManifest.xml:138:13-35
	android:exported
		ADDED from src\main\AndroidManifest.xml:139:13-37
	android:name
		ADDED from src\main\AndroidManifest.xml:137:13-68
service#cn.jpush.android.service.PushService
ADDED from src\main\AndroidManifest.xml:144:9-154:19
	android:enabled
		ADDED from src\main\AndroidManifest.xml:146:13-35
	android:exported
		ADDED from src\main\AndroidManifest.xml:147:13-37
	android:name
		ADDED from src\main\AndroidManifest.xml:145:13-64
intent-filter#cn.jpush.android.intent.PUSH_TIME+cn.jpush.android.intent.PushService+cn.jpush.android.intent.REGISTER+cn.jpush.android.intent.REPORT
ADDED from src\main\AndroidManifest.xml:148:13-153:29
action#cn.jpush.android.intent.REGISTER
ADDED from src\main\AndroidManifest.xml:149:17-75
	android:name
		ADDED from src\main\AndroidManifest.xml:149:25-72
action#cn.jpush.android.intent.REPORT
ADDED from src\main\AndroidManifest.xml:150:17-73
	android:name
		ADDED from src\main\AndroidManifest.xml:150:25-70
action#cn.jpush.android.intent.PushService
ADDED from src\main\AndroidManifest.xml:151:17-78
	android:name
		ADDED from src\main\AndroidManifest.xml:151:25-75
action#cn.jpush.android.intent.PUSH_TIME
ADDED from src\main\AndroidManifest.xml:152:17-76
	android:name
		ADDED from src\main\AndroidManifest.xml:152:25-73
service#cn.jpush.android.service.DaemonService
ADDED from src\main\AndroidManifest.xml:159:9-168:19
	android:enabled
		ADDED from src\main\AndroidManifest.xml:161:13-35
	android:exported
		ADDED from src\main\AndroidManifest.xml:162:13-36
	android:name
		ADDED from src\main\AndroidManifest.xml:160:13-66
intent-filter#cn.jpush.android.intent.DaemonService+com.radartech.sw
ADDED from src\main\AndroidManifest.xml:163:13-166:29
action#cn.jpush.android.intent.DaemonService
ADDED from src\main\AndroidManifest.xml:164:17-80
	android:name
		ADDED from src\main\AndroidManifest.xml:164:25-77
receiver#cn.jpush.android.service.PushReceiver
ADDED from src\main\AndroidManifest.xml:171:9-191:20
	android:enabled
		ADDED from src\main\AndroidManifest.xml:173:13-35
	android:exported
		ADDED from src\main\AndroidManifest.xml:174:13-37
	android:name
		ADDED from src\main\AndroidManifest.xml:172:13-65
intent-filter#cn.jpush.android.intent.NOTIFICATION_RECEIVED_PROXY+com.radartech.sw
ADDED from src\main\AndroidManifest.xml:175:13-178:29
	android:priority
		ADDED from src\main\AndroidManifest.xml:175:28-51
action#cn.jpush.android.intent.NOTIFICATION_RECEIVED_PROXY
ADDED from src\main\AndroidManifest.xml:176:17-94
	android:name
		ADDED from src\main\AndroidManifest.xml:176:25-91
intent-filter#android.intent.action.USER_PRESENT+android.net.conn.CONNECTIVITY_CHANGE
ADDED from src\main\AndroidManifest.xml:179:13-182:29
action#android.intent.action.USER_PRESENT
ADDED from src\main\AndroidManifest.xml:180:17-77
	android:name
		ADDED from src\main\AndroidManifest.xml:180:25-74
action#android.net.conn.CONNECTIVITY_CHANGE
ADDED from src\main\AndroidManifest.xml:181:17-79
	android:name
		ADDED from src\main\AndroidManifest.xml:181:25-76
intent-filter#android.intent.action.PACKAGE_ADDED+android.intent.action.PACKAGE_REMOVED
ADDED from src\main\AndroidManifest.xml:184:13-189:29
action#android.intent.action.PACKAGE_ADDED
ADDED from src\main\AndroidManifest.xml:185:17-78
	android:name
		ADDED from src\main\AndroidManifest.xml:185:25-75
action#android.intent.action.PACKAGE_REMOVED
ADDED from src\main\AndroidManifest.xml:186:17-80
	android:name
		ADDED from src\main\AndroidManifest.xml:186:25-77
data
ADDED from src\main\AndroidManifest.xml:188:17-50
	android:scheme
		ADDED from src\main\AndroidManifest.xml:188:23-47
receiver#cn.jpush.android.service.AlarmReceiver
ADDED from src\main\AndroidManifest.xml:195:9-197:40
	android:exported
		ADDED from src\main\AndroidManifest.xml:197:13-37
	android:name
		ADDED from src\main\AndroidManifest.xml:196:13-66
receiver#jpushdemo.MyReceiver
ADDED from src\main\AndroidManifest.xml:201:9-222:20
	android:enabled
		ADDED from src\main\AndroidManifest.xml:203:13-35
	android:exported
		ADDED from src\main\AndroidManifest.xml:204:13-37
	android:name
		ADDED from src\main\AndroidManifest.xml:202:13-48
intent-filter#cn.jpush.android.intent.ACTION_RICHPUSH_CALLBACK+cn.jpush.android.intent.CONNECTION+cn.jpush.android.intent.MESSAGE_RECEIVED+cn.jpush.android.intent.NOTIFICATION_OPENED+cn.jpush.android.intent.NOTIFICATION_RECEIVED+cn.jpush.android.intent.REGISTRATION+com.radartech.sw
ADDED from src\main\AndroidManifest.xml:205:13-221:29
action#cn.jpush.android.intent.REGISTRATION
ADDED from src\main\AndroidManifest.xml:206:17-79
	android:name
		ADDED from src\main\AndroidManifest.xml:206:25-76
action#cn.jpush.android.intent.MESSAGE_RECEIVED
ADDED from src\main\AndroidManifest.xml:208:20-86
	android:name
		ADDED from src\main\AndroidManifest.xml:208:28-83
action#cn.jpush.android.intent.NOTIFICATION_RECEIVED
ADDED from src\main\AndroidManifest.xml:211:17-88
	android:name
		ADDED from src\main\AndroidManifest.xml:211:25-85
action#cn.jpush.android.intent.NOTIFICATION_OPENED
ADDED from src\main\AndroidManifest.xml:214:17-86
	android:name
		ADDED from src\main\AndroidManifest.xml:214:25-83
action#cn.jpush.android.intent.ACTION_RICHPUSH_CALLBACK
ADDED from src\main\AndroidManifest.xml:216:20-94
	android:name
		ADDED from src\main\AndroidManifest.xml:216:28-91
action#cn.jpush.android.intent.CONNECTION
ADDED from src\main\AndroidManifest.xml:218:20-80
	android:name
		ADDED from src\main\AndroidManifest.xml:218:28-77
meta-data#JPUSH_CHANNEL
ADDED from src\main\AndroidManifest.xml:224:9-226:49
	android:value
		ADDED from src\main\AndroidManifest.xml:226:13-46
	android:name
		ADDED from src\main\AndroidManifest.xml:225:13-41
meta-data#JPUSH_APPKEY
ADDED from src\main\AndroidManifest.xml:227:9-229:56
	android:value
		ADDED from src\main\AndroidManifest.xml:229:13-53
	android:name
		ADDED from src\main\AndroidManifest.xml:228:13-40
meta-data#com.google.android.gms.version
ADDED from src\main\AndroidManifest.xml:232:9-234:69
MERGED from [com.google.android.gms:play-services-basement:9.4.0] AndroidManifest.xml:21:9-23:69
	android:value
		ADDED from src\main\AndroidManifest.xml:234:13-66
	android:name
		ADDED from src\main\AndroidManifest.xml:233:13-58
meta-data#com.google.android.maps.v2.API_KEY
ADDED from src\main\AndroidManifest.xml:235:9-237:71
	android:value
		ADDED from src\main\AndroidManifest.xml:237:13-68
	android:name
		ADDED from src\main\AndroidManifest.xml:236:13-62
uses-sdk
INJECTED from src\main\AndroidManifest.xml reason: use-sdk injection requested
MERGED from [com.android.support:design:23.4.0] AndroidManifest.xml:20:5-43
MERGED from [com.android.support:recyclerview-v7:23.4.0] AndroidManifest.xml:20:5-43
MERGED from [com.android.support:support-v4:23.4.0] AndroidManifest.xml:20:5-43
MERGED from [com.android.support:appcompat-v7:23.4.0] AndroidManifest.xml:21:5-23:78
MERGED from [com.android.support:animated-vector-drawable:23.4.0] AndroidManifest.xml:5:5-44
MERGED from [com.android.support:support-vector-drawable:23.4.0] AndroidManifest.xml:5:5-43
MERGED from [com.google.android.gms:play-services-maps:9.4.0] AndroidManifest.xml:26:5-42
MERGED from [com.google.android.gms:play-services-base:9.4.0] AndroidManifest.xml:18:5-42
MERGED from [com.google.android.gms:play-services-basement:9.4.0] AndroidManifest.xml:18:5-42
MERGED from [com.google.android.gms:play-services-tasks:9.4.0] AndroidManifest.xml:4:5-43
MERGED from [com.jakewharton:butterknife:8.4.0] AndroidManifest.xml:5:5-43
MERGED from [io.reactivex:rxandroid:1.1.0] AndroidManifest.xml:19:5-43
MERGED from [com.cardiomood.android:android-widgets:0.1.1] AndroidManifest.xml:7:5-9:41
MERGED from [de.hdodenhof:circleimageview:1.3.0] AndroidManifest.xml:5:5-7:41
MERGED from [net.hockeyapp.android:HockeySDK:4.1.3] AndroidManifest.xml:7:5-9:41
	tools:overrideLibrary
		ADDED from [com.android.support:appcompat-v7:23.4.0] AndroidManifest.xml:23:9-75
	android:targetSdkVersion
		INJECTED from src\main\AndroidManifest.xml
		INJECTED from src\main\AndroidManifest.xml
	android:minSdkVersion
		INJECTED from src\main\AndroidManifest.xml
		INJECTED from src\main\AndroidManifest.xml
uses-feature#0x00020000
ADDED from [com.google.android.gms:play-services-maps:9.4.0] AndroidManifest.xml:22:5-24:33
	android:glEsVersion
		ADDED from [com.google.android.gms:play-services-maps:9.4.0] AndroidManifest.xml:23:8-40
	android:required
		ADDED from [com.google.android.gms:play-services-maps:9.4.0] AndroidManifest.xml:24:8-31
activity#com.google.android.gms.common.api.GoogleApiActivity
ADDED from [com.google.android.gms:play-services-base:9.4.0] AndroidManifest.xml:20:9-22:45
	android:exported
		ADDED from [com.google.android.gms:play-services-base:9.4.0] AndroidManifest.xml:22:19-43
	android:theme
		ADDED from [com.google.android.gms:play-services-base:9.4.0] AndroidManifest.xml:21:19-78
	android:name
		ADDED from [com.google.android.gms:play-services-base:9.4.0] AndroidManifest.xml:20:19-85
activity#net.hockeyapp.android.UpdateActivity
ADDED from [net.hockeyapp.android:HockeySDK:4.1.3] AndroidManifest.xml:16:9-73
	android:name
		ADDED from [net.hockeyapp.android:HockeySDK:4.1.3] AndroidManifest.xml:16:19-70
activity#net.hockeyapp.android.FeedbackActivity
ADDED from [net.hockeyapp.android:HockeySDK:4.1.3] AndroidManifest.xml:17:9-19:71
	android:windowSoftInputMode
		ADDED from [net.hockeyapp.android:HockeySDK:4.1.3] AndroidManifest.xml:19:13-68
	android:name
		ADDED from [net.hockeyapp.android:HockeySDK:4.1.3] AndroidManifest.xml:18:13-66
activity#net.hockeyapp.android.PaintActivity
ADDED from [net.hockeyapp.android:HockeySDK:4.1.3] AndroidManifest.xml:20:9-72
	android:name
		ADDED from [net.hockeyapp.android:HockeySDK:4.1.3] AndroidManifest.xml:20:19-69
activity#net.hockeyapp.android.LoginActivity
ADDED from [net.hockeyapp.android:HockeySDK:4.1.3] AndroidManifest.xml:21:9-72
	android:name
		ADDED from [net.hockeyapp.android:HockeySDK:4.1.3] AndroidManifest.xml:21:19-69
activity#net.hockeyapp.android.ExpiryInfoActivity
ADDED from [net.hockeyapp.android:HockeySDK:4.1.3] AndroidManifest.xml:22:9-77
	android:name
		ADDED from [net.hockeyapp.android:HockeySDK:4.1.3] AndroidManifest.xml:22:19-74